<?xml version="1.0" encoding="UTF-8"?>
<!-- Generated by org.testng.reporters.JUnitXMLReporter -->
<testsuite ignored="0" hostname="DESKTOP-ROU6JO4" failures="0" tests="7" name="Test3" time="0.042" errors="0" timestamp="2020-09-30T23:18:32 IST">
  <testcase classname="Academy.ProductspageTest" name="@BeforeTest initialise" time="0.027">
    <failure type="java.lang.IllegalStateException" message="The driver executable does not exist: C:\Users\RASH\eclipse-workspace\E2EProject\src\Drivers\geckodriver.exe">
      <![CDATA[java.lang.IllegalStateException: The driver executable does not exist: C:\Users\RASH\eclipse-workspace\E2EProject\src\Drivers\geckodriver.exe
at com.google.common.base.Preconditions.checkState(Preconditions.java:585)
at org.openqa.selenium.remote.service.DriverService.checkExecutable(DriverService.java:146)
at org.openqa.selenium.remote.service.DriverService.findExecutable(DriverService.java:141)
at org.openqa.selenium.firefox.GeckoDriverService.access$100(GeckoDriverService.java:44)
at org.openqa.selenium.firefox.GeckoDriverService$Builder.findDefaultExecutable(GeckoDriverService.java:167)
at org.openqa.selenium.remote.service.DriverService$Builder.build(DriverService.java:355)
at org.openqa.selenium.firefox.FirefoxDriver.toExecutor(FirefoxDriver.java:190)
at org.openqa.selenium.firefox.FirefoxDriver.<init>(FirefoxDriver.java:147)
at org.openqa.selenium.firefox.FirefoxDriver.<init>(FirefoxDriver.java:125)
at resource.base.initialisebrowser(base.java:52)
at Academy.ProductspageTest.initialise(ProductspageTest.java:24)
... Removed 28 stack frames]]>
    </failure>
  </testcase> <!-- @BeforeTest initialise -->
  <testcase classname="Academy.ProductspageTest" name="@AfterTest teardown" time="-1.601488112088E9">
    <skipped/>
  </testcase> <!-- @AfterTest teardown -->
  <testcase classname="Academy.ProductspageTest" name="ValidateConsumables" time="0.0">
    <skipped/>
  </testcase> <!-- ValidateConsumables -->
  <testcase classname="Academy.ProductspageTest" name="ValidateEquipment" time="0.0">
    <skipped/>
  </testcase> <!-- ValidateEquipment -->
  <testcase classname="Academy.ProductspageTest" name="ValidateGlassware" time="0.0">
    <skipped/>
  </testcase> <!-- ValidateGlassware -->
  <testcase classname="Academy.ProductspageTest" name="ValidateSurgicals" time="0.0">
    <skipped/>
  </testcase> <!-- ValidateSurgicals -->
  <testcase classname="Academy.ProductspageTest" name="Validatelistofproducts" time="0.0">
    <skipped/>
  </testcase> <!-- Validatelistofproducts -->
  <testcase classname="Academy.ProductspageTest" name="Validateproductspageelementspresent" time="0.0">
    <skipped/>
  </testcase> <!-- Validateproductspageelementspresent -->
  <testcase classname="Academy.ProductspageTest" name="Validateproductspageelementstext" time="0.0">
    <skipped/>
  </testcase> <!-- Validateproductspageelementstext -->
</testsuite> <!-- Test3 -->
