<?xml version="1.0" encoding="UTF-8"?>
<!-- Generated by org.testng.reporters.JUnitXMLReporter -->
<testsuite ignored="0" hostname="DESKTOP-ROU6JO4" failures="0" tests="3" name="Test6" time="0.021" errors="0" timestamp="2020-09-30T23:18:32 IST">
  <testcase classname="Academy.CustomersPageTest" name="@BeforeTest initialise" time="0.018">
    <failure type="java.lang.IllegalStateException" message="The driver executable does not exist: C:\Users\RASH\eclipse-workspace\E2EProject\src\Drivers\geckodriver.exe">
      <![CDATA[java.lang.IllegalStateException: The driver executable does not exist: C:\Users\RASH\eclipse-workspace\E2EProject\src\Drivers\geckodriver.exe
at com.google.common.base.Preconditions.checkState(Preconditions.java:585)
at org.openqa.selenium.remote.service.DriverService.checkExecutable(DriverService.java:146)
at org.openqa.selenium.remote.service.DriverService.findExecutable(DriverService.java:141)
at org.openqa.selenium.firefox.GeckoDriverService.access$100(GeckoDriverService.java:44)
at org.openqa.selenium.firefox.GeckoDriverService$Builder.findDefaultExecutable(GeckoDriverService.java:167)
at org.openqa.selenium.remote.service.DriverService$Builder.build(DriverService.java:355)
at org.openqa.selenium.firefox.FirefoxDriver.toExecutor(FirefoxDriver.java:190)
at org.openqa.selenium.firefox.FirefoxDriver.<init>(FirefoxDriver.java:147)
at org.openqa.selenium.firefox.FirefoxDriver.<init>(FirefoxDriver.java:125)
at resource.base.initialisebrowser(base.java:52)
at Academy.CustomersPageTest.initialise(CustomersPageTest.java:23)
... Removed 28 stack frames]]>
    </failure>
  </testcase> <!-- @BeforeTest initialise -->
  <testcase classname="Academy.CustomersPageTest" name="@AfterTest teardown" time="-1.601488112279E9">
    <skipped/>
  </testcase> <!-- @AfterTest teardown -->
  <testcase classname="Academy.CustomersPageTest" name="ValidateListofcustomers" time="0.0">
    <skipped/>
  </testcase> <!-- ValidateListofcustomers -->
  <testcase classname="Academy.CustomersPageTest" name="Validatecustomerspageelementspresent" time="0.0">
    <skipped/>
  </testcase> <!-- Validatecustomerspageelementspresent -->
  <testcase classname="Academy.CustomersPageTest" name="Validatecustomerspageelementtext" time="0.0">
    <skipped/>
  </testcase> <!-- Validatecustomerspageelementtext -->
</testsuite> <!-- Test6 -->
