<?xml version="1.0" encoding="UTF-8"?>
<!-- Generated by org.testng.reporters.JUnitXMLReporter -->
<testsuite ignored="0" hostname="DESKTOP-ROU6JO4" failures="2" tests="2" name="Test2" time="40.07" errors="0" timestamp="2020-09-30T23:22:31 IST">
  <testcase classname="Academy.ScrollingElementTest" name="ValidateScrollingElement" time="11.323">
    <failure type="java.lang.AssertionError" message="expected [true] but found [false]">
      <![CDATA[java.lang.AssertionError: expected [true] but found [false]
at Academy.ScrollingElementTest.ValidateScrollingElement(ScrollingElementTest.java:89)
at java.base/java.util.ArrayList.forEach(ArrayList.java:1540)
... Removed 35 stack frames]]>
    </failure>
  </testcase> <!-- ValidateScrollingElement -->
  <testcase classname="Academy.ScrollingElementTest" name="ValidateScrollingElement" time="11.363">
    <failure type="java.lang.NullPointerException">
      <![CDATA[java.lang.NullPointerException
at resource.base.getscreenshotPath(base.java:70)
at Academy.Listeners.onTestFailure(Listeners.java:51)
at java.base/java.util.ArrayList.forEach(ArrayList.java:1540)
... Removed 28 stack frames]]>
    </failure>
  </testcase> <!-- ValidateScrollingElement -->
</testsuite> <!-- Test2 -->
