<?xml version="1.0" encoding="UTF-8"?>
<!-- Generated by org.testng.reporters.JUnitReportReporter -->
<testsuite hostname="DESKTOP-ROU6JO4" failures="0" tests="8" name="Academy.ProductspageTest" time="0.027" errors="1" timestamp="2020-09-30T23:18:32 IST" skipped="7">
  <testcase classname="Academy.ProductspageTest" name="ValidateGlassware" time="0.000">
    <skipped/>
  </testcase> <!-- ValidateGlassware -->
  <system-out/>
  <testcase classname="Academy.ProductspageTest" name="initialise" time="0.027">
    <error message="The driver executable does not exist: C:\Users\RASH\eclipse-workspace\E2EProject\src\Drivers\geckodriver.exe" type="java.lang.IllegalStateException">
      <![CDATA[java.lang.IllegalStateException: The driver executable does not exist: C:\Users\RASH\eclipse-workspace\E2EProject\src\Drivers\geckodriver.exe
at com.google.common.base.Preconditions.checkState(Preconditions.java:585)
at org.openqa.selenium.remote.service.DriverService.checkExecutable(DriverService.java:146)
at org.openqa.selenium.remote.service.DriverService.findExecutable(DriverService.java:141)
at org.openqa.selenium.firefox.GeckoDriverService.access$100(GeckoDriverService.java:44)
at org.openqa.selenium.firefox.GeckoDriverService$Builder.findDefaultExecutable(GeckoDriverService.java:167)
at org.openqa.selenium.remote.service.DriverService$Builder.build(DriverService.java:355)
at org.openqa.selenium.firefox.FirefoxDriver.toExecutor(FirefoxDriver.java:190)
at org.openqa.selenium.firefox.FirefoxDriver.<init>(FirefoxDriver.java:147)
at org.openqa.selenium.firefox.FirefoxDriver.<init>(FirefoxDriver.java:125)
at resource.base.initialisebrowser(base.java:52)
at Academy.ProductspageTest.initialise(ProductspageTest.java:24)
at java.base/jdk.internal.reflect.NativeMethodAccessorImpl.invoke0(Native Method)
at java.base/jdk.internal.reflect.NativeMethodAccessorImpl.invoke(NativeMethodAccessorImpl.java:62)
at java.base/jdk.internal.reflect.DelegatingMethodAccessorImpl.invoke(DelegatingMethodAccessorImpl.java:43)
at java.base/java.lang.reflect.Method.invoke(Method.java:567)
at org.testng.internal.MethodInvocationHelper.invokeMethod(MethodInvocationHelper.java:132)
at org.testng.internal.MethodInvocationHelper.invokeMethodConsideringTimeout(MethodInvocationHelper.java:61)
at org.testng.internal.ConfigInvoker.invokeConfigurationMethod(ConfigInvoker.java:366)
at org.testng.internal.ConfigInvoker.invokeConfigurations(ConfigInvoker.java:320)
at org.testng.TestRunner.invokeTestConfigurations(TestRunner.java:617)
at org.testng.TestRunner.beforeRun(TestRunner.java:607)
at org.testng.TestRunner.run(TestRunner.java:578)
at org.testng.SuiteRunner.runTest(SuiteRunner.java:384)
at org.testng.SuiteRunner.runSequentially(SuiteRunner.java:378)
at org.testng.SuiteRunner.privateRun(SuiteRunner.java:337)
at org.testng.SuiteRunner.run(SuiteRunner.java:286)
at org.testng.SuiteRunnerWorker.runSuite(SuiteRunnerWorker.java:53)
at org.testng.SuiteRunnerWorker.run(SuiteRunnerWorker.java:96)
at org.testng.TestNG.runSuitesSequentially(TestNG.java:1218)
at org.testng.TestNG.runSuitesLocally(TestNG.java:1140)
at org.testng.TestNG.runSuites(TestNG.java:1069)
at org.testng.TestNG.run(TestNG.java:1037)
at org.apache.maven.surefire.testng.TestNGExecutor.run(TestNGExecutor.java:284)
at org.apache.maven.surefire.testng.TestNGXmlTestSuite.execute(TestNGXmlTestSuite.java:75)
at org.apache.maven.surefire.testng.TestNGProvider.invoke(TestNGProvider.java:119)
at org.apache.maven.surefire.booter.ForkedBooter.runSuitesInProcess(ForkedBooter.java:428)
at org.apache.maven.surefire.booter.ForkedBooter.execute(ForkedBooter.java:162)
at org.apache.maven.surefire.booter.ForkedBooter.run(ForkedBooter.java:562)
at org.apache.maven.surefire.booter.ForkedBooter.main(ForkedBooter.java:548)
]]>
    </error>
  </testcase> <!-- initialise -->
  <system-out/>
  <testcase classname="Academy.ProductspageTest" name="Validateproductspageelementstext" time="0.000">
    <skipped/>
  </testcase> <!-- Validateproductspageelementstext -->
  <system-out/>
  <testcase classname="Academy.ProductspageTest" name="ValidateEquipment" time="0.000">
    <skipped/>
  </testcase> <!-- ValidateEquipment -->
  <system-out/>
  <testcase classname="Academy.ProductspageTest" name="ValidateSurgicals" time="0.000">
    <skipped/>
  </testcase> <!-- ValidateSurgicals -->
  <system-out/>
  <testcase classname="Academy.ProductspageTest" name="Validateproductspageelementspresent" time="0.000">
    <skipped/>
  </testcase> <!-- Validateproductspageelementspresent -->
  <system-out/>
  <testcase classname="Academy.ProductspageTest" name="Validatelistofproducts" time="0.000">
    <skipped/>
  </testcase> <!-- Validatelistofproducts -->
  <system-out/>
  <testcase classname="Academy.ProductspageTest" name="ValidateConsumables" time="0.000">
    <skipped/>
  </testcase> <!-- ValidateConsumables -->
  <system-out/>
</testsuite> <!-- Academy.ProductspageTest -->
